#
# There is insufficient memory for the Java Runtime Environment to continue.
# Native memory allocation (malloc) failed to allocate 1048576 bytes for AllocateHeap
# Possible reasons:
#   The system is out of physical RAM or swap space
#   The process is running with CompressedOops enabled, and the Java Heap may be blocking the growth of the native heap
# Possible solutions:
#   Reduce memory load on the system
#   Increase physical memory or swap space
#   Check if swap backing store is full
#   Decrease Java heap size (-Xmx/-Xms)
#   Decrease number of Java threads
#   Decrease Java thread stack sizes (-Xss)
#   Set larger code cache with -XX:ReservedCodeCacheSize=
#   JVM is running with Unscaled Compressed Oops mode in which the Java heap is
#     placed in the first 4GB address space. The Java Heap base address is the
#     maximum limit for the native heap growth. Please use -XX:HeapBaseMinAddress
#     to set the Java Heap base and to place the Java Heap above 4GB virtual address.
# This output file may be truncated or incomplete.
#
#  Out of Memory Error (memory/allocation.inline.hpp:61), pid=22448, tid=0x00000000000057e0
#
# JRE version:  (8.0_251-b08) (build )
# Java VM: Java HotSpot(TM) 64-Bit Server VM (25.251-b08 mixed mode windows-amd64 compressed oops)
# Failed to write core dump. Minidumps are not enabled by default on client versions of Windows
#

---------------  T H R E A D  ---------------

Current thread (0x0000000002695000):  JavaThread "Unknown thread" [_thread_in_vm, id=22496, stack(0x0000000000db0000,0x0000000000eb0000)]

Stack: [0x0000000000db0000,0x0000000000eb0000]
[error occurred during error reporting (printing stack bounds), id 0xc0000005]

Native frames: (J=compiled Java code, j=interpreted, Vv=VM code, C=native code)


---------------  P R O C E S S  ---------------

Java Threads: ( => current thread )

Other Threads:

=>0x0000000002695000 (exited) JavaThread "Unknown thread" [_thread_in_vm, id=22496, stack(0x0000000000db0000,0x0000000000eb0000)]

VM state:not at safepoint (normal execution)

VM Mutex/Monitor currently owned by a thread: None

heap address: 0x0000000081400000, size: 2028 MB, Compressed Oops mode: 32-bit
Narrow klass base: 0x0000000000000000, Narrow klass shift: 3
Compressed class space size: 1073741824 Address: 0x0000000100000000

Heap:
 PSYoungGen      total 38400K, used 665K [0x00000000d5c00000, 0x00000000d8680000, 0x0000000100000000)
  eden space 33280K, 2% used [0x00000000d5c00000,0x00000000d5ca6670,0x00000000d7c80000)
  from space 5120K, 0% used [0x00000000d8180000,0x00000000d8180000,0x00000000d8680000)
  to   space 5120K, 0% used [0x00000000d7c80000,0x00000000d7c80000,0x00000000d8180000)
 ParOldGen       total 87552K, used 0K [0x0000000081400000, 0x0000000086980000, 0x00000000d5c00000)
  object space 87552K, 0% used [0x0000000081400000,0x0000000081400000,0x0000000086980000)
 Metaspace       used 752K, capacity 4480K, committed 4480K, reserved 1056768K
  class space    used 76K, capacity 384K, committed 384K, reserved 1048576K

Card table byte_map: [0x0000000011c40000,0x0000000012040000] byte_map_base: 0x0000000011836000

Marking Bits: (ParMarkBitMap*) 0x000000005632af90
 Begin Bits: [0x00000000126f0000, 0x00000000146a0000)
 End Bits:   [0x00000000146a0000, 0x0000000016650000)

Polling page: 0x0000000000eb0000

CodeCache: size=245760Kb used=328Kb max_used=328Kb free=245431Kb
 bounds [0x0000000002880000, 0x0000000002af0000, 0x0000000011880000]
 total_blobs=58 nmethods=0 adapters=38
 compilation: enabled

Compilation events (0 events):
No events

GC Heap History (0 events):
No events

Deoptimization events (0 events):
No events

Classes redefined (0 events):
No events

Internal exceptions (0 events):
No events

Events (10 events):
Event: 0.058 loading class java/lang/Short
Event: 0.059 loading class java/lang/Short done
Event: 0.059 loading class java/lang/Integer
Event: 0.059 loading class java/lang/Integer done
Event: 0.059 loading class java/lang/Long
Event: 0.060 loading class java/lang/Long done
Event: 0.063 loading class java/lang/NullPointerException
Event: 0.063 loading class java/lang/NullPointerException done
Event: 0.063 loading class java/lang/ArithmeticException
Event: 0.063 loading class java/lang/ArithmeticException done


Dynamic libraries:
0x00007ff78a970000 - 0x00007ff78a9a7000 	C:\Program Files\Java\jre1.8.0_251\bin\javaw.exe
0x00007ffc1ce40000 - 0x00007ffc1d030000 	C:\WINDOWS\SYSTEM32\ntdll.dll
0x00007ffc1b880000 - 0x00007ffc1b932000 	C:\WINDOWS\System32\KERNEL32.DLL
0x00007ffc19dd0000 - 0x00007ffc1a074000 	C:\WINDOWS\System32\KERNELBASE.dll
0x00007ffc1b430000 - 0x00007ffc1b4d3000 	C:\WINDOWS\System32\ADVAPI32.dll
0x00007ffc1bc90000 - 0x00007ffc1bd2e000 	C:\WINDOWS\System32\msvcrt.dll
0x00007ffc1b760000 - 0x00007ffc1b7f7000 	C:\WINDOWS\System32\sechost.dll
0x00007ffc1b950000 - 0x00007ffc1ba70000 	C:\WINDOWS\System32\RPCRT4.dll
0x00007ffc1aef0000 - 0x00007ffc1b084000 	C:\WINDOWS\System32\USER32.dll
0x00007ffc1ae90000 - 0x00007ffc1aeb1000 	C:\WINDOWS\System32\win32u.dll
0x00007ffc1b090000 - 0x00007ffc1b0b6000 	C:\WINDOWS\System32\GDI32.dll
0x00007ffc1ac40000 - 0x00007ffc1add4000 	C:\WINDOWS\System32\gdi32full.dll
0x00007ffc1a080000 - 0x00007ffc1a11e000 	C:\WINDOWS\System32\msvcp_win.dll
0x00007ffc1a9f0000 - 0x00007ffc1aaea000 	C:\WINDOWS\System32\ucrtbase.dll
0x00007ffc18f40000 - 0x00007ffc191c4000 	C:\WINDOWS\WinSxS\amd64_microsoft.windows.common-controls_6595b64144ccf1df_6.0.18362.836_none_e6c4b943130f18ed\COMCTL32.dll
0x00007ffc1bda0000 - 0x00007ffc1c0d6000 	C:\WINDOWS\System32\combase.dll
0x00007ffc1a970000 - 0x00007ffc1a9f0000 	C:\WINDOWS\System32\bcryptPrimitives.dll
0x00007ffc1b0c0000 - 0x00007ffc1b0ee000 	C:\WINDOWS\System32\IMM32.DLL
0x0000000055940000 - 0x0000000055a12000 	C:\Program Files\Java\jre1.8.0_251\bin\msvcr100.dll
0x0000000055b00000 - 0x00000000563ab000 	C:\Program Files\Java\jre1.8.0_251\bin\server\jvm.dll
0x00007ffc1b630000 - 0x00007ffc1b638000 	C:\WINDOWS\System32\PSAPI.DLL
0x00007ffc193f0000 - 0x00007ffc193f9000 	C:\WINDOWS\SYSTEM32\WSOCK32.dll
0x00007ffc1b640000 - 0x00007ffc1b6af000 	C:\WINDOWS\System32\WS2_32.dll
0x00007ffc15a90000 - 0x00007ffc15ab4000 	C:\WINDOWS\SYSTEM32\WINMM.dll
0x00007ffc176b0000 - 0x00007ffc176ba000 	C:\WINDOWS\SYSTEM32\VERSION.dll
0x00007ffc15a60000 - 0x00007ffc15a8d000 	C:\WINDOWS\SYSTEM32\winmmbase.dll
0x00007ffc1ade0000 - 0x00007ffc1ae2a000 	C:\WINDOWS\System32\cfgmgr32.dll
0x00007ffc193e0000 - 0x00007ffc193ef000 	C:\Program Files\Java\jre1.8.0_251\bin\verify.dll
0x00007ffc193b0000 - 0x00007ffc193d9000 	C:\Program Files\Java\jre1.8.0_251\bin\java.dll
0x00007ffc17ca0000 - 0x00007ffc17cb6000 	C:\Program Files\Java\jre1.8.0_251\bin\zip.dll

VM Arguments:
jvm_args: -Dfile.encoding=UTF-8 
java_command: graspery.herkyasks.App
java_class_path (initial): C:\Users\Yunus\Desktop\Permanent Java Workspace\herkyasks\target\classes;C:\Users\Yunus\Downloads\jdatepicker-1.3.4.jar;C:\Users\Yunus\.m2\repository\com\google\firebase\firebase-admin\6.13.0\firebase-admin-6.13.0.jar;C:\Users\Yunus\.m2\repository\com\google\api-client\google-api-client\1.30.1\google-api-client-1.30.1.jar;C:\Users\Yunus\.m2\repository\com\google\oauth-client\google-oauth-client\1.30.1\google-oauth-client-1.30.1.jar;C:\Users\Yunus\.m2\repository\com\google\http-client\google-http-client-jackson2\1.30.1\google-http-client-jackson2-1.30.1.jar;C:\Users\Yunus\.m2\repository\com\fasterxml\jackson\core\jackson-core\2.9.9\jackson-core-2.9.9.jar;C:\Users\Yunus\.m2\repository\com\google\api-client\google-api-client-gson\1.30.1\google-api-client-gson-1.30.1.jar;C:\Users\Yunus\.m2\repository\com\google\http-client\google-http-client-gson\1.30.1\google-http-client-gson-1.30.1.jar;C:\Users\Yunus\.m2\repository\com\google\code\gson\gson\2.8.5\gson-2.8.5.jar;C:\Users\Yunus\.m2\repository\com\google\http-client\google-http-client\1.30.1\google-http-client-1.30.1.jar;C:\Users\Yunus\.m2\repository\org\apache\httpcomponents\httpclient\4.5.8\httpclient-4.5.8.jar;C:\Users\Yunus\.m2\repository\org\apache\httpcomponents\httpcore\4.4.11\httpcore-4.4.11.jar;C:\Users\Yunus\.m2\repository\commons-logging\commons-logging\1.2\commons-logging-1.2.jar;C:\Users\Yunus\.m2\repository\commons-codec\commons-codec\1.11\commons-codec-1.11.jar;C:\Users\Yunus\.m2\repository\com\google\code\findbugs\jsr305\3.0.2\jsr305-3.0.2.jar;C:\Users\Yunus\.m2\repository\com\google\j2objc\j2objc-annotations\1.3\j2objc-annotations-1.3.jar;C:\Users\Yunus\.m2\repository\io\opencensus\opencensus-api\0.21.0\opencensus-api-0.21.0.jar;C:\Users\Yunus\.m2\repository\io\grpc\grpc-context\1.19.0\grpc-context-1.19.0.jar;C:\Users\Yunus\.m2\repository\io\opencensus\opencensus-contrib-http-util\0.21.0\opencensus-contrib-http-util-0.21.0.jar;C:\Users\Yunus\.m2\repository\com\google\api\api-
Launcher Type: SUN_STANDARD

Environment Variables:
JAVA_HOME=C:\Program Files\Java\jdk1.8.0_77
PATH=C:/Program Files/Java/jre1.8.0_251/bin/server;C:/Program Files/Java/jre1.8.0_251/bin;C:/Program Files/Java/jre1.8.0_251/lib/amd64;C:\ProgramData\Oracle\Java\javapath;C:\Program Files (x86)\Common Files\Oracle\Java\javapath;C:\Program Files\apache-maven-3.6.2\bin;C:\Program Files (x86)\Intel\iCLS Client\;C:\Program Files\Intel\iCLS Client\;C:\windows\system32;C:\windows;C:\windows\System32\Wbem;C:\windows\System32\WindowsPowerShell\v1.0\;C:\Program Files\Intel\Intel(R) Management Engine Components\DAL;C:\Program Files\Intel\Intel(R) Management Engine Components\IPT;C:\Program Files (x86)\Intel\Intel(R) Management Engine Components\DAL;C:\Program Files (x86)\Intel\Intel(R) Management Engine Components\IPT;C:\Program Files\Intel\WiFi\bin\;C:\Program Files\Common Files\Intel\WirelessCommon\;C:\WINDOWS\system32;C:\WINDOWS;C:\WINDOWS\System32\Wbem;C:\WINDOWS\System32\WindowsPowerShell\v1.0\;C:\Program Files\Java\jdk1.8.0_77\bin\;C:\Program Files\Microsoft SQL Server\130\Tools\Binn\;C:\WINDOWS\system32\config\systemprofile\.dnx\bin;C:\Program Files\Microsoft DNX\Dnvm\;C:\Program Files (x86)\Windows Kits\8.1\Windows Performance Toolkit\;C:\WINDOWS\System32\OpenSSH\;C:\Program Files\PuTTY\;C:\Program Files\Git\cmd;C:\Program Files\apache-maven-3.6.2\bin\bin;C:\Program Files\apache-maven-3.6.2\bin;C:\Program Files\Java\jdk1.8.0_77;C:\Users\Yunus\AppData\Local\Microsoft\WindowsApps;C:\Program Files\apache-maven-3.6.2\bin;C:\src\flutter\bin;C:\Users\Yunus\AppData\Local\Google\Cloud SDK\google-cloud-sdk\bin;C:\Users\Yunus\Desktop;
USERNAME=Yunus
OS=Windows_NT
PROCESSOR_IDENTIFIER=Intel64 Family 6 Model 69 Stepping 1, GenuineIntel



---------------  S Y S T E M  ---------------

OS: Windows 10.0 , 64 bit Build 18362 (10.0.18362.778)

CPU:total 4 (initial active 4) (2 cores per cpu, 2 threads per core) family 6 model 69 stepping 1, cmov, cx8, fxsr, mmx, sse, sse2, sse3, ssse3, sse4.1, sse4.2, popcnt, avx, avx2, aes, clmul, erms, lzcnt, ht, tsc, tscinvbit, bmi1, bmi2

Memory: 4k page, physical 8298776k(1465608k free), swap 33464600k(5536k free)

vm_info: Java HotSpot(TM) 64-Bit Server VM (25.251-b08) for windows-amd64 JRE (1.8.0_251-b08), built on Mar 12 2020 06:31:49 by "" with MS VC++ 10.0 (VS2010)

time: Thu Jun 11 16:57:06 2020
timezone: Pacific Daylight Time
elapsed time: 0 seconds (0d 0h 0m 0s)

